{"C:\\Users\\Steven\\Desktop\\Developpement\\FakegramAPI\\src\\app.js": {"path":"C:\\Users\\Steven\\Desktop\\Developpement\\FakegramAPI\\src\\app.js","statementMap":{"0":{"start":{"line":1,"column":13},"end":{"line":1,"column":28}},"1":{"start":{"line":2,"column":16},"end":{"line":2,"column":34}},"2":{"start":{"line":4,"column":19},"end":{"line":4,"column":51}},"3":{"start":{"line":5,"column":19},"end":{"line":5,"column":51}},"4":{"start":{"line":6,"column":20},"end":{"line":6,"column":53}},"5":{"start":{"line":7,"column":22},"end":{"line":7,"column":57}},"6":{"start":{"line":9,"column":0},"end":{"line":9,"column":25}},"7":{"start":{"line":11,"column":12},"end":{"line":11,"column":21}},"8":{"start":{"line":13,"column":0},"end":{"line":13,"column":24}},"9":{"start":{"line":14,"column":0},"end":{"line":14,"column":56}},"10":{"start":{"line":16,"column":0},"end":{"line":16,"column":20}},"11":{"start":{"line":17,"column":0},"end":{"line":17,"column":20}},"12":{"start":{"line":18,"column":0},"end":{"line":18,"column":21}},"13":{"start":{"line":19,"column":0},"end":{"line":19,"column":23}},"14":{"start":{"line":21,"column":0},"end":{"line":21,"column":21}}},"fnMap":{},"branchMap":{},"s":{"0":1,"1":1,"2":1,"3":1,"4":1,"5":1,"6":1,"7":1,"8":1,"9":1,"10":1,"11":1,"12":1,"13":1,"14":1},"f":{},"b":{},"_coverageSchema":"1a1c01bbd47fc00a2c39e90264f33305004495a9","hash":"b256d3c80b39eafca920f151ed3518c476732235"}
,"C:\\Users\\Steven\\Desktop\\Developpement\\FakegramAPI\\src\\controllers\\comment.controller.js": {"path":"C:\\Users\\Steven\\Desktop\\Developpement\\FakegramAPI\\src\\controllers\\comment.controller.js","statementMap":{"0":{"start":{"line":1,"column":16},"end":{"line":1,"column":50}},"1":{"start":{"line":3,"column":0},"end":{"line":19,"column":1}},"2":{"start":{"line":4,"column":4},"end":{"line":18,"column":5}},"3":{"start":{"line":5,"column":24},"end":{"line":9,"column":10}},"4":{"start":{"line":11,"column":8},"end":{"line":11,"column":29}},"5":{"start":{"line":13,"column":8},"end":{"line":13,"column":38}},"6":{"start":{"line":15,"column":8},"end":{"line":17,"column":11}},"7":{"start":{"line":21,"column":0},"end":{"line":39,"column":1}},"8":{"start":{"line":22,"column":4},"end":{"line":38,"column":5}},"9":{"start":{"line":23,"column":25},"end":{"line":25,"column":10}},"10":{"start":{"line":27,"column":8},"end":{"line":31,"column":9}},"11":{"start":{"line":28,"column":12},"end":{"line":30,"column":15}},"12":{"start":{"line":33,"column":8},"end":{"line":33,"column":39}},"13":{"start":{"line":35,"column":8},"end":{"line":37,"column":11}},"14":{"start":{"line":41,"column":0},"end":{"line":60,"column":1}},"15":{"start":{"line":42,"column":4},"end":{"line":59,"column":5}},"16":{"start":{"line":43,"column":24},"end":{"line":46,"column":10}},"17":{"start":{"line":48,"column":8},"end":{"line":52,"column":9}},"18":{"start":{"line":49,"column":12},"end":{"line":51,"column":15}},"19":{"start":{"line":54,"column":8},"end":{"line":54,"column":38}},"20":{"start":{"line":56,"column":8},"end":{"line":58,"column":11}},"21":{"start":{"line":62,"column":0},"end":{"line":102,"column":1}},"22":{"start":{"line":63,"column":20},"end":{"line":63,"column":41}},"23":{"start":{"line":64,"column":27},"end":{"line":66,"column":5}},"24":{"start":{"line":68,"column":27},"end":{"line":70,"column":6}},"25":{"start":{"line":69,"column":8},"end":{"line":69,"column":47}},"26":{"start":{"line":72,"column":4},"end":{"line":76,"column":5}},"27":{"start":{"line":73,"column":8},"end":{"line":75,"column":11}},"28":{"start":{"line":78,"column":4},"end":{"line":101,"column":5}},"29":{"start":{"line":79,"column":24},"end":{"line":83,"column":10}},"30":{"start":{"line":85,"column":8},"end":{"line":89,"column":9}},"31":{"start":{"line":86,"column":12},"end":{"line":88,"column":15}},"32":{"start":{"line":91,"column":8},"end":{"line":93,"column":11}},"33":{"start":{"line":92,"column":12},"end":{"line":92,"column":47}},"34":{"start":{"line":95,"column":8},"end":{"line":95,"column":29}},"35":{"start":{"line":96,"column":8},"end":{"line":96,"column":38}},"36":{"start":{"line":98,"column":8},"end":{"line":100,"column":11}},"37":{"start":{"line":104,"column":0},"end":{"line":124,"column":1}},"38":{"start":{"line":105,"column":4},"end":{"line":123,"column":5}},"39":{"start":{"line":106,"column":24},"end":{"line":110,"column":10}},"40":{"start":{"line":112,"column":8},"end":{"line":116,"column":9}},"41":{"start":{"line":113,"column":12},"end":{"line":115,"column":15}},"42":{"start":{"line":118,"column":8},"end":{"line":118,"column":38}},"43":{"start":{"line":120,"column":8},"end":{"line":122,"column":11}}},"fnMap":{"0":{"name":"(anonymous_0)","decl":{"start":{"line":3,"column":17},"end":{"line":3,"column":18}},"loc":{"start":{"line":3,"column":37},"end":{"line":19,"column":1}},"line":3},"1":{"name":"(anonymous_1)","decl":{"start":{"line":21,"column":18},"end":{"line":21,"column":19}},"loc":{"start":{"line":21,"column":38},"end":{"line":39,"column":1}},"line":21},"2":{"name":"(anonymous_2)","decl":{"start":{"line":41,"column":18},"end":{"line":41,"column":19}},"loc":{"start":{"line":41,"column":38},"end":{"line":60,"column":1}},"line":41},"3":{"name":"(anonymous_3)","decl":{"start":{"line":62,"column":20},"end":{"line":62,"column":21}},"loc":{"start":{"line":62,"column":40},"end":{"line":102,"column":1}},"line":62},"4":{"name":"(anonymous_4)","decl":{"start":{"line":68,"column":41},"end":{"line":68,"column":42}},"loc":{"start":{"line":68,"column":51},"end":{"line":70,"column":5}},"line":68},"5":{"name":"(anonymous_5)","decl":{"start":{"line":91,"column":24},"end":{"line":91,"column":25}},"loc":{"start":{"line":91,"column":34},"end":{"line":93,"column":9}},"line":91},"6":{"name":"(anonymous_6)","decl":{"start":{"line":104,"column":20},"end":{"line":104,"column":21}},"loc":{"start":{"line":104,"column":40},"end":{"line":124,"column":1}},"line":104}},"branchMap":{"0":{"loc":{"start":{"line":27,"column":8},"end":{"line":31,"column":9}},"type":"if","locations":[{"start":{"line":27,"column":8},"end":{"line":31,"column":9}},{"start":{},"end":{}}],"line":27},"1":{"loc":{"start":{"line":48,"column":8},"end":{"line":52,"column":9}},"type":"if","locations":[{"start":{"line":48,"column":8},"end":{"line":52,"column":9}},{"start":{},"end":{}}],"line":48},"2":{"loc":{"start":{"line":72,"column":4},"end":{"line":76,"column":5}},"type":"if","locations":[{"start":{"line":72,"column":4},"end":{"line":76,"column":5}},{"start":{},"end":{}}],"line":72},"3":{"loc":{"start":{"line":85,"column":8},"end":{"line":89,"column":9}},"type":"if","locations":[{"start":{"line":85,"column":8},"end":{"line":89,"column":9}},{"start":{},"end":{}}],"line":85},"4":{"loc":{"start":{"line":112,"column":8},"end":{"line":116,"column":9}},"type":"if","locations":[{"start":{"line":112,"column":8},"end":{"line":116,"column":9}},{"start":{},"end":{}}],"line":112}},"s":{"0":1,"1":1,"2":0,"3":0,"4":0,"5":0,"6":0,"7":1,"8":0,"9":0,"10":0,"11":0,"12":0,"13":0,"14":1,"15":0,"16":0,"17":0,"18":0,"19":0,"20":0,"21":1,"22":0,"23":0,"24":0,"25":0,"26":0,"27":0,"28":0,"29":0,"30":0,"31":0,"32":0,"33":0,"34":0,"35":0,"36":0,"37":1,"38":0,"39":0,"40":0,"41":0,"42":0,"43":0},"f":{"0":0,"1":0,"2":0,"3":0,"4":0,"5":0,"6":0},"b":{"0":[0,0],"1":[0,0],"2":[0,0],"3":[0,0],"4":[0,0]},"_coverageSchema":"1a1c01bbd47fc00a2c39e90264f33305004495a9","hash":"048e6587cd92f1bf74db6ea2f8de3ebf2f180195"}
,"C:\\Users\\Steven\\Desktop\\Developpement\\FakegramAPI\\src\\controllers\\photo.controller.js": {"path":"C:\\Users\\Steven\\Desktop\\Developpement\\FakegramAPI\\src\\controllers\\photo.controller.js","statementMap":{"0":{"start":{"line":1,"column":11},"end":{"line":1,"column":24}},"1":{"start":{"line":2,"column":14},"end":{"line":2,"column":46}},"2":{"start":{"line":4,"column":0},"end":{"line":25,"column":1}},"3":{"start":{"line":5,"column":4},"end":{"line":9,"column":5}},"4":{"start":{"line":6,"column":8},"end":{"line":8,"column":11}},"5":{"start":{"line":11,"column":4},"end":{"line":24,"column":5}},"6":{"start":{"line":12,"column":22},"end":{"line":16,"column":10}},"7":{"start":{"line":18,"column":8},"end":{"line":18,"column":27}},"8":{"start":{"line":19,"column":8},"end":{"line":19,"column":36}},"9":{"start":{"line":21,"column":8},"end":{"line":23,"column":11}},"10":{"start":{"line":27,"column":0},"end":{"line":43,"column":1}},"11":{"start":{"line":28,"column":4},"end":{"line":42,"column":5}},"12":{"start":{"line":29,"column":22},"end":{"line":29,"column":80}},"13":{"start":{"line":31,"column":8},"end":{"line":35,"column":9}},"14":{"start":{"line":32,"column":12},"end":{"line":34,"column":15}},"15":{"start":{"line":37,"column":8},"end":{"line":37,"column":36}},"16":{"start":{"line":39,"column":8},"end":{"line":41,"column":11}},"17":{"start":{"line":45,"column":0},"end":{"line":61,"column":1}},"18":{"start":{"line":46,"column":4},"end":{"line":60,"column":5}},"19":{"start":{"line":47,"column":23},"end":{"line":47,"column":61}},"20":{"start":{"line":49,"column":8},"end":{"line":53,"column":9}},"21":{"start":{"line":50,"column":12},"end":{"line":52,"column":15}},"22":{"start":{"line":55,"column":8},"end":{"line":55,"column":37}},"23":{"start":{"line":57,"column":8},"end":{"line":59,"column":11}},"24":{"start":{"line":63,"column":0},"end":{"line":122,"column":1}},"25":{"start":{"line":64,"column":20},"end":{"line":64,"column":41}},"26":{"start":{"line":65,"column":27},"end":{"line":68,"column":5}},"27":{"start":{"line":70,"column":27},"end":{"line":72,"column":6}},"28":{"start":{"line":71,"column":8},"end":{"line":71,"column":47}},"29":{"start":{"line":74,"column":4},"end":{"line":81,"column":5}},"30":{"start":{"line":75,"column":8},"end":{"line":77,"column":9}},"31":{"start":{"line":76,"column":12},"end":{"line":76,"column":41}},"32":{"start":{"line":78,"column":8},"end":{"line":80,"column":11}},"33":{"start":{"line":83,"column":4},"end":{"line":121,"column":5}},"34":{"start":{"line":84,"column":22},"end":{"line":87,"column":10}},"35":{"start":{"line":89,"column":8},"end":{"line":97,"column":9}},"36":{"start":{"line":90,"column":12},"end":{"line":92,"column":13}},"37":{"start":{"line":91,"column":16},"end":{"line":91,"column":45}},"38":{"start":{"line":94,"column":12},"end":{"line":96,"column":15}},"39":{"start":{"line":99,"column":8},"end":{"line":104,"column":9}},"40":{"start":{"line":100,"column":12},"end":{"line":100,"column":34}},"41":{"start":{"line":102,"column":29},"end":{"line":102,"column":61}},"42":{"start":{"line":103,"column":12},"end":{"line":103,"column":59}},"43":{"start":{"line":106,"column":8},"end":{"line":112,"column":11}},"44":{"start":{"line":107,"column":12},"end":{"line":111,"column":13}},"45":{"start":{"line":108,"column":16},"end":{"line":108,"column":99}},"46":{"start":{"line":110,"column":16},"end":{"line":110,"column":49}},"47":{"start":{"line":114,"column":8},"end":{"line":114,"column":27}},"48":{"start":{"line":115,"column":8},"end":{"line":115,"column":36}},"49":{"start":{"line":117,"column":8},"end":{"line":117,"column":37}},"50":{"start":{"line":118,"column":8},"end":{"line":120,"column":11}},"51":{"start":{"line":124,"column":0},"end":{"line":146,"column":1}},"52":{"start":{"line":125,"column":4},"end":{"line":145,"column":5}},"53":{"start":{"line":126,"column":22},"end":{"line":129,"column":10}},"54":{"start":{"line":131,"column":8},"end":{"line":135,"column":9}},"55":{"start":{"line":132,"column":12},"end":{"line":134,"column":15}},"56":{"start":{"line":137,"column":25},"end":{"line":137,"column":57}},"57":{"start":{"line":138,"column":8},"end":{"line":138,"column":55}},"58":{"start":{"line":140,"column":8},"end":{"line":140,"column":36}},"59":{"start":{"line":142,"column":8},"end":{"line":144,"column":11}}},"fnMap":{"0":{"name":"(anonymous_0)","decl":{"start":{"line":4,"column":17},"end":{"line":4,"column":18}},"loc":{"start":{"line":4,"column":37},"end":{"line":25,"column":1}},"line":4},"1":{"name":"(anonymous_1)","decl":{"start":{"line":27,"column":18},"end":{"line":27,"column":19}},"loc":{"start":{"line":27,"column":38},"end":{"line":43,"column":1}},"line":27},"2":{"name":"(anonymous_2)","decl":{"start":{"line":45,"column":18},"end":{"line":45,"column":19}},"loc":{"start":{"line":45,"column":38},"end":{"line":61,"column":1}},"line":45},"3":{"name":"(anonymous_3)","decl":{"start":{"line":63,"column":20},"end":{"line":63,"column":21}},"loc":{"start":{"line":63,"column":40},"end":{"line":122,"column":1}},"line":63},"4":{"name":"(anonymous_4)","decl":{"start":{"line":70,"column":41},"end":{"line":70,"column":42}},"loc":{"start":{"line":70,"column":51},"end":{"line":72,"column":5}},"line":70},"5":{"name":"(anonymous_5)","decl":{"start":{"line":106,"column":24},"end":{"line":106,"column":25}},"loc":{"start":{"line":106,"column":34},"end":{"line":112,"column":9}},"line":106},"6":{"name":"(anonymous_6)","decl":{"start":{"line":124,"column":20},"end":{"line":124,"column":21}},"loc":{"start":{"line":124,"column":40},"end":{"line":146,"column":1}},"line":124}},"branchMap":{"0":{"loc":{"start":{"line":5,"column":4},"end":{"line":9,"column":5}},"type":"if","locations":[{"start":{"line":5,"column":4},"end":{"line":9,"column":5}},{"start":{},"end":{}}],"line":5},"1":{"loc":{"start":{"line":31,"column":8},"end":{"line":35,"column":9}},"type":"if","locations":[{"start":{"line":31,"column":8},"end":{"line":35,"column":9}},{"start":{},"end":{}}],"line":31},"2":{"loc":{"start":{"line":49,"column":8},"end":{"line":53,"column":9}},"type":"if","locations":[{"start":{"line":49,"column":8},"end":{"line":53,"column":9}},{"start":{},"end":{}}],"line":49},"3":{"loc":{"start":{"line":74,"column":4},"end":{"line":81,"column":5}},"type":"if","locations":[{"start":{"line":74,"column":4},"end":{"line":81,"column":5}},{"start":{},"end":{}}],"line":74},"4":{"loc":{"start":{"line":75,"column":8},"end":{"line":77,"column":9}},"type":"if","locations":[{"start":{"line":75,"column":8},"end":{"line":77,"column":9}},{"start":{},"end":{}}],"line":75},"5":{"loc":{"start":{"line":89,"column":8},"end":{"line":97,"column":9}},"type":"if","locations":[{"start":{"line":89,"column":8},"end":{"line":97,"column":9}},{"start":{},"end":{}}],"line":89},"6":{"loc":{"start":{"line":90,"column":12},"end":{"line":92,"column":13}},"type":"if","locations":[{"start":{"line":90,"column":12},"end":{"line":92,"column":13}},{"start":{},"end":{}}],"line":90},"7":{"loc":{"start":{"line":99,"column":8},"end":{"line":104,"column":9}},"type":"if","locations":[{"start":{"line":99,"column":8},"end":{"line":104,"column":9}},{"start":{},"end":{}}],"line":99},"8":{"loc":{"start":{"line":107,"column":12},"end":{"line":111,"column":13}},"type":"if","locations":[{"start":{"line":107,"column":12},"end":{"line":111,"column":13}},{"start":{"line":109,"column":19},"end":{"line":111,"column":13}}],"line":107},"9":{"loc":{"start":{"line":131,"column":8},"end":{"line":135,"column":9}},"type":"if","locations":[{"start":{"line":131,"column":8},"end":{"line":135,"column":9}},{"start":{},"end":{}}],"line":131}},"s":{"0":1,"1":1,"2":1,"3":0,"4":0,"5":0,"6":0,"7":0,"8":0,"9":0,"10":1,"11":0,"12":0,"13":0,"14":0,"15":0,"16":0,"17":1,"18":0,"19":0,"20":0,"21":0,"22":0,"23":0,"24":1,"25":0,"26":0,"27":0,"28":0,"29":0,"30":0,"31":0,"32":0,"33":0,"34":0,"35":0,"36":0,"37":0,"38":0,"39":0,"40":0,"41":0,"42":0,"43":0,"44":0,"45":0,"46":0,"47":0,"48":0,"49":0,"50":0,"51":1,"52":0,"53":0,"54":0,"55":0,"56":0,"57":0,"58":0,"59":0},"f":{"0":0,"1":0,"2":0,"3":0,"4":0,"5":0,"6":0},"b":{"0":[0,0],"1":[0,0],"2":[0,0],"3":[0,0],"4":[0,0],"5":[0,0],"6":[0,0],"7":[0,0],"8":[0,0],"9":[0,0]},"_coverageSchema":"1a1c01bbd47fc00a2c39e90264f33305004495a9","hash":"056f463abab73193cbaaae865b40b3d758b76c3c"}
,"C:\\Users\\Steven\\Desktop\\Developpement\\FakegramAPI\\src\\controllers\\user.controller.js": {"path":"C:\\Users\\Steven\\Desktop\\Developpement\\FakegramAPI\\src\\controllers\\user.controller.js","statementMap":{"0":{"start":{"line":1,"column":13},"end":{"line":1,"column":44}},"1":{"start":{"line":3,"column":0},"end":{"line":19,"column":1}},"2":{"start":{"line":4,"column":17},"end":{"line":4,"column":35}},"3":{"start":{"line":6,"column":4},"end":{"line":18,"column":5}},"4":{"start":{"line":7,"column":8},"end":{"line":7,"column":26}},"5":{"start":{"line":8,"column":22},"end":{"line":8,"column":46}},"6":{"start":{"line":10,"column":8},"end":{"line":13,"column":11}},"7":{"start":{"line":15,"column":8},"end":{"line":17,"column":11}},"8":{"start":{"line":21,"column":0},"end":{"line":23,"column":1}},"9":{"start":{"line":22,"column":4},"end":{"line":22,"column":35}},"10":{"start":{"line":25,"column":0},"end":{"line":55,"column":1}},"11":{"start":{"line":26,"column":20},"end":{"line":26,"column":41}},"12":{"start":{"line":27,"column":27},"end":{"line":31,"column":5}},"13":{"start":{"line":33,"column":27},"end":{"line":35,"column":6}},"14":{"start":{"line":34,"column":8},"end":{"line":34,"column":47}},"15":{"start":{"line":37,"column":4},"end":{"line":41,"column":5}},"16":{"start":{"line":38,"column":8},"end":{"line":40,"column":11}},"17":{"start":{"line":43,"column":4},"end":{"line":54,"column":5}},"18":{"start":{"line":44,"column":8},"end":{"line":46,"column":11}},"19":{"start":{"line":45,"column":12},"end":{"line":45,"column":48}},"20":{"start":{"line":48,"column":8},"end":{"line":48,"column":30}},"21":{"start":{"line":49,"column":8},"end":{"line":49,"column":39}},"22":{"start":{"line":51,"column":8},"end":{"line":53,"column":11}},"23":{"start":{"line":57,"column":0},"end":{"line":67,"column":1}},"24":{"start":{"line":58,"column":4},"end":{"line":66,"column":5}},"25":{"start":{"line":59,"column":8},"end":{"line":59,"column":32}},"26":{"start":{"line":61,"column":8},"end":{"line":61,"column":39}},"27":{"start":{"line":63,"column":8},"end":{"line":65,"column":11}}},"fnMap":{"0":{"name":"(anonymous_0)","decl":{"start":{"line":3,"column":17},"end":{"line":3,"column":18}},"loc":{"start":{"line":3,"column":37},"end":{"line":19,"column":1}},"line":3},"1":{"name":"(anonymous_1)","decl":{"start":{"line":21,"column":28},"end":{"line":21,"column":29}},"loc":{"start":{"line":21,"column":48},"end":{"line":23,"column":1}},"line":21},"2":{"name":"(anonymous_2)","decl":{"start":{"line":25,"column":30},"end":{"line":25,"column":31}},"loc":{"start":{"line":25,"column":50},"end":{"line":55,"column":1}},"line":25},"3":{"name":"(anonymous_3)","decl":{"start":{"line":33,"column":41},"end":{"line":33,"column":42}},"loc":{"start":{"line":33,"column":51},"end":{"line":35,"column":5}},"line":33},"4":{"name":"(anonymous_4)","decl":{"start":{"line":44,"column":24},"end":{"line":44,"column":25}},"loc":{"start":{"line":44,"column":34},"end":{"line":46,"column":9}},"line":44},"5":{"name":"(anonymous_5)","decl":{"start":{"line":57,"column":30},"end":{"line":57,"column":31}},"loc":{"start":{"line":57,"column":50},"end":{"line":67,"column":1}},"line":57}},"branchMap":{"0":{"loc":{"start":{"line":37,"column":4},"end":{"line":41,"column":5}},"type":"if","locations":[{"start":{"line":37,"column":4},"end":{"line":41,"column":5}},{"start":{},"end":{}}],"line":37}},"s":{"0":1,"1":1,"2":4,"3":4,"4":4,"5":1,"6":1,"7":3,"8":1,"9":0,"10":1,"11":0,"12":0,"13":0,"14":0,"15":0,"16":0,"17":0,"18":0,"19":0,"20":0,"21":0,"22":0,"23":1,"24":0,"25":0,"26":0,"27":0},"f":{"0":4,"1":0,"2":0,"3":0,"4":0,"5":0},"b":{"0":[0,0]},"_coverageSchema":"1a1c01bbd47fc00a2c39e90264f33305004495a9","hash":"4e828a8078296bc6d34d487294073bae8497ff85"}
,"C:\\Users\\Steven\\Desktop\\Developpement\\FakegramAPI\\src\\db\\mongoose.js": {"path":"C:\\Users\\Steven\\Desktop\\Developpement\\FakegramAPI\\src\\db\\mongoose.js","statementMap":{"0":{"start":{"line":1,"column":17},"end":{"line":1,"column":36}},"1":{"start":{"line":3,"column":0},"end":{"line":3,"column":42}}},"fnMap":{},"branchMap":{},"s":{"0":1,"1":1},"f":{},"b":{},"_coverageSchema":"1a1c01bbd47fc00a2c39e90264f33305004495a9","hash":"4dfd5a655b794051bcfa37c5e701171d90b41a5d"}
,"C:\\Users\\Steven\\Desktop\\Developpement\\FakegramAPI\\src\\middlewares\\auth.middleware.js": {"path":"C:\\Users\\Steven\\Desktop\\Developpement\\FakegramAPI\\src\\middlewares\\auth.middleware.js","statementMap":{"0":{"start":{"line":1,"column":12},"end":{"line":1,"column":35}},"1":{"start":{"line":3,"column":13},"end":{"line":3,"column":44}},"2":{"start":{"line":5,"column":13},"end":{"line":24,"column":1}},"3":{"start":{"line":6,"column":4},"end":{"line":23,"column":5}},"4":{"start":{"line":7,"column":22},"end":{"line":7,"column":72}},"5":{"start":{"line":8,"column":24},"end":{"line":8,"column":65}},"6":{"start":{"line":10,"column":21},"end":{"line":10,"column":75}},"7":{"start":{"line":11,"column":8},"end":{"line":13,"column":9}},"8":{"start":{"line":12,"column":12},"end":{"line":12,"column":30}},"9":{"start":{"line":15,"column":8},"end":{"line":15,"column":24}},"10":{"start":{"line":16,"column":8},"end":{"line":16,"column":26}},"11":{"start":{"line":18,"column":8},"end":{"line":18,"column":15}},"12":{"start":{"line":20,"column":8},"end":{"line":22,"column":11}},"13":{"start":{"line":26,"column":0},"end":{"line":26,"column":22}}},"fnMap":{"0":{"name":"(anonymous_0)","decl":{"start":{"line":5,"column":13},"end":{"line":5,"column":14}},"loc":{"start":{"line":5,"column":39},"end":{"line":24,"column":1}},"line":5}},"branchMap":{"0":{"loc":{"start":{"line":11,"column":8},"end":{"line":13,"column":9}},"type":"if","locations":[{"start":{"line":11,"column":8},"end":{"line":13,"column":9}},{"start":{},"end":{}}],"line":11}},"s":{"0":1,"1":1,"2":1,"3":0,"4":0,"5":0,"6":0,"7":0,"8":0,"9":0,"10":0,"11":0,"12":0,"13":1},"f":{"0":0},"b":{"0":[0,0]},"_coverageSchema":"1a1c01bbd47fc00a2c39e90264f33305004495a9","hash":"20456e468f070afe6a818f3266698a01f2114619"}
,"C:\\Users\\Steven\\Desktop\\Developpement\\FakegramAPI\\src\\middlewares\\multer.config.js": {"path":"C:\\Users\\Steven\\Desktop\\Developpement\\FakegramAPI\\src\\middlewares\\multer.config.js","statementMap":{"0":{"start":{"line":1,"column":13},"end":{"line":1,"column":28}},"1":{"start":{"line":2,"column":15},"end":{"line":2,"column":32}},"2":{"start":{"line":4,"column":19},"end":{"line":9,"column":1}},"3":{"start":{"line":11,"column":16},"end":{"line":23,"column":2}},"4":{"start":{"line":13,"column":8},"end":{"line":13,"column":59}},"5":{"start":{"line":16,"column":23},"end":{"line":16,"column":73}},"6":{"start":{"line":17,"column":26},"end":{"line":17,"column":51}},"7":{"start":{"line":19,"column":25},"end":{"line":19,"column":49}},"8":{"start":{"line":21,"column":8},"end":{"line":21,"column":27}},"9":{"start":{"line":25,"column":15},"end":{"line":25,"column":34}},"10":{"start":{"line":27,"column":0},"end":{"line":27,"column":24}}},"fnMap":{"0":{"name":"(anonymous_0)","decl":{"start":{"line":12,"column":17},"end":{"line":12,"column":18}},"loc":{"start":{"line":12,"column":41},"end":{"line":14,"column":5}},"line":12},"1":{"name":"(anonymous_1)","decl":{"start":{"line":15,"column":14},"end":{"line":15,"column":15}},"loc":{"start":{"line":15,"column":38},"end":{"line":22,"column":5}},"line":15}},"branchMap":{},"s":{"0":1,"1":1,"2":1,"3":1,"4":0,"5":0,"6":0,"7":0,"8":0,"9":1,"10":1},"f":{"0":0,"1":0},"b":{},"_coverageSchema":"1a1c01bbd47fc00a2c39e90264f33305004495a9","hash":"40a73256a7455a4dd6bcc1e58c993518da1cb99d"}
,"C:\\Users\\Steven\\Desktop\\Developpement\\FakegramAPI\\src\\models\\comment.model.js": {"path":"C:\\Users\\Steven\\Desktop\\Developpement\\FakegramAPI\\src\\models\\comment.model.js","statementMap":{"0":{"start":{"line":1,"column":17},"end":{"line":1,"column":36}},"1":{"start":{"line":3,"column":22},"end":{"line":21,"column":2}},"2":{"start":{"line":23,"column":16},"end":{"line":23,"column":56}},"3":{"start":{"line":25,"column":0},"end":{"line":25,"column":25}}},"fnMap":{},"branchMap":{},"s":{"0":1,"1":1,"2":1,"3":1},"f":{},"b":{},"_coverageSchema":"1a1c01bbd47fc00a2c39e90264f33305004495a9","hash":"219631200863c207b8e81e886bb3359b4deb21ac"}
,"C:\\Users\\Steven\\Desktop\\Developpement\\FakegramAPI\\src\\models\\photo.model.js": {"path":"C:\\Users\\Steven\\Desktop\\Developpement\\FakegramAPI\\src\\models\\photo.model.js","statementMap":{"0":{"start":{"line":1,"column":17},"end":{"line":1,"column":36}},"1":{"start":{"line":3,"column":20},"end":{"line":24,"column":2}},"2":{"start":{"line":26,"column":0},"end":{"line":30,"column":3}},"3":{"start":{"line":32,"column":14},"end":{"line":32,"column":50}},"4":{"start":{"line":34,"column":0},"end":{"line":34,"column":23}}},"fnMap":{},"branchMap":{},"s":{"0":1,"1":1,"2":1,"3":1,"4":1},"f":{},"b":{},"_coverageSchema":"1a1c01bbd47fc00a2c39e90264f33305004495a9","hash":"cf0fcf383fb0acf27bb09bdc3cc3a952e31dd9a2"}
,"C:\\Users\\Steven\\Desktop\\Developpement\\FakegramAPI\\src\\models\\user.model.js": {"path":"C:\\Users\\Steven\\Desktop\\Developpement\\FakegramAPI\\src\\models\\user.model.js","statementMap":{"0":{"start":{"line":1,"column":17},"end":{"line":1,"column":36}},"1":{"start":{"line":2,"column":18},"end":{"line":2,"column":38}},"2":{"start":{"line":3,"column":15},"end":{"line":3,"column":32}},"3":{"start":{"line":4,"column":12},"end":{"line":4,"column":35}},"4":{"start":{"line":6,"column":19},"end":{"line":40,"column":2}},"5":{"start":{"line":21,"column":12},"end":{"line":23,"column":13}},"6":{"start":{"line":22,"column":16},"end":{"line":22,"column":53}},"7":{"start":{"line":42,"column":0},"end":{"line":46,"column":2}},"8":{"start":{"line":48,"column":0},"end":{"line":60,"column":2}},"9":{"start":{"line":49,"column":17},"end":{"line":49,"column":46}},"10":{"start":{"line":50,"column":4},"end":{"line":52,"column":5}},"11":{"start":{"line":51,"column":8},"end":{"line":51,"column":43}},"12":{"start":{"line":54,"column":20},"end":{"line":54,"column":65}},"13":{"start":{"line":55,"column":4},"end":{"line":57,"column":5}},"14":{"start":{"line":56,"column":8},"end":{"line":56,"column":43}},"15":{"start":{"line":59,"column":4},"end":{"line":59,"column":16}},"16":{"start":{"line":62,"column":0},"end":{"line":69,"column":1}},"17":{"start":{"line":63,"column":18},"end":{"line":63,"column":80}},"18":{"start":{"line":65,"column":4},"end":{"line":65,"column":23}},"19":{"start":{"line":66,"column":4},"end":{"line":66,"column":22}},"20":{"start":{"line":68,"column":4},"end":{"line":68,"column":17}},"21":{"start":{"line":71,"column":0},"end":{"line":77,"column":3}},"22":{"start":{"line":72,"column":4},"end":{"line":74,"column":5}},"23":{"start":{"line":73,"column":8},"end":{"line":73,"column":60}},"24":{"start":{"line":76,"column":4},"end":{"line":76,"column":11}},"25":{"start":{"line":79,"column":13},"end":{"line":79,"column":47}},"26":{"start":{"line":81,"column":0},"end":{"line":81,"column":22}}},"fnMap":{"0":{"name":"(anonymous_0)","decl":{"start":{"line":20,"column":8},"end":{"line":20,"column":9}},"loc":{"start":{"line":20,"column":20},"end":{"line":24,"column":9}},"line":20},"1":{"name":"(anonymous_1)","decl":{"start":{"line":48,"column":39},"end":{"line":48,"column":40}},"loc":{"start":{"line":48,"column":66},"end":{"line":60,"column":1}},"line":48},"2":{"name":"(anonymous_2)","decl":{"start":{"line":62,"column":39},"end":{"line":62,"column":40}},"loc":{"start":{"line":62,"column":56},"end":{"line":69,"column":1}},"line":62},"3":{"name":"(anonymous_3)","decl":{"start":{"line":71,"column":23},"end":{"line":71,"column":24}},"loc":{"start":{"line":71,"column":44},"end":{"line":77,"column":1}},"line":71}},"branchMap":{"0":{"loc":{"start":{"line":21,"column":12},"end":{"line":23,"column":13}},"type":"if","locations":[{"start":{"line":21,"column":12},"end":{"line":23,"column":13}},{"start":{},"end":{}}],"line":21},"1":{"loc":{"start":{"line":50,"column":4},"end":{"line":52,"column":5}},"type":"if","locations":[{"start":{"line":50,"column":4},"end":{"line":52,"column":5}},{"start":{},"end":{}}],"line":50},"2":{"loc":{"start":{"line":55,"column":4},"end":{"line":57,"column":5}},"type":"if","locations":[{"start":{"line":55,"column":4},"end":{"line":57,"column":5}},{"start":{},"end":{}}],"line":55},"3":{"loc":{"start":{"line":72,"column":4},"end":{"line":74,"column":5}},"type":"if","locations":[{"start":{"line":72,"column":4},"end":{"line":74,"column":5}},{"start":{},"end":{}}],"line":72}},"s":{"0":1,"1":1,"2":1,"3":1,"4":1,"5":7,"6":0,"7":1,"8":1,"9":0,"10":0,"11":0,"12":0,"13":0,"14":0,"15":0,"16":1,"17":1,"18":1,"19":1,"20":1,"21":1,"22":7,"23":6,"24":7,"25":1,"26":1},"f":{"0":7,"1":0,"2":1,"3":7},"b":{"0":[0,7],"1":[0,0],"2":[0,0],"3":[6,1]},"_coverageSchema":"1a1c01bbd47fc00a2c39e90264f33305004495a9","hash":"3c7e37fce5a51bc72ace69259567d395786a2834"}
,"C:\\Users\\Steven\\Desktop\\Developpement\\FakegramAPI\\src\\routers\\auth.router.js": {"path":"C:\\Users\\Steven\\Desktop\\Developpement\\FakegramAPI\\src\\routers\\auth.router.js","statementMap":{"0":{"start":{"line":1,"column":16},"end":{"line":1,"column":34}},"1":{"start":{"line":3,"column":13},"end":{"line":3,"column":44}},"2":{"start":{"line":4,"column":13},"end":{"line":4,"column":54}},"3":{"start":{"line":6,"column":15},"end":{"line":6,"column":35}},"4":{"start":{"line":11,"column":0},"end":{"line":25,"column":3}},"5":{"start":{"line":12,"column":4},"end":{"line":24,"column":5}},"6":{"start":{"line":13,"column":21},"end":{"line":13,"column":84}},"7":{"start":{"line":14,"column":22},"end":{"line":14,"column":52}},"8":{"start":{"line":16,"column":8},"end":{"line":19,"column":11}},"9":{"start":{"line":21,"column":8},"end":{"line":23,"column":11}},"10":{"start":{"line":27,"column":0},"end":{"line":38,"column":3}},"11":{"start":{"line":28,"column":4},"end":{"line":37,"column":5}},"12":{"start":{"line":29,"column":8},"end":{"line":29,"column":35}},"13":{"start":{"line":31,"column":8},"end":{"line":31,"column":30}},"14":{"start":{"line":32,"column":8},"end":{"line":32,"column":31}},"15":{"start":{"line":34,"column":8},"end":{"line":36,"column":11}},"16":{"start":{"line":40,"column":0},"end":{"line":40,"column":24}}},"fnMap":{"0":{"name":"(anonymous_0)","decl":{"start":{"line":11,"column":28},"end":{"line":11,"column":29}},"loc":{"start":{"line":11,"column":48},"end":{"line":25,"column":1}},"line":11},"1":{"name":"(anonymous_1)","decl":{"start":{"line":27,"column":35},"end":{"line":27,"column":36}},"loc":{"start":{"line":27,"column":54},"end":{"line":38,"column":1}},"line":27}},"branchMap":{},"s":{"0":1,"1":1,"2":1,"3":1,"4":1,"5":0,"6":0,"7":0,"8":0,"9":0,"10":1,"11":0,"12":0,"13":0,"14":0,"15":0,"16":1},"f":{"0":0,"1":0},"b":{},"_coverageSchema":"1a1c01bbd47fc00a2c39e90264f33305004495a9","hash":"0c98c946e88d9cd99d00e9791f29f2a962051a0e"}
,"C:\\Users\\Steven\\Desktop\\Developpement\\FakegramAPI\\src\\routers\\comment.router.js": {"path":"C:\\Users\\Steven\\Desktop\\Developpement\\FakegramAPI\\src\\routers\\comment.router.js","statementMap":{"0":{"start":{"line":1,"column":16},"end":{"line":1,"column":34}},"1":{"start":{"line":3,"column":13},"end":{"line":3,"column":54}},"2":{"start":{"line":4,"column":19},"end":{"line":4,"column":63}},"3":{"start":{"line":6,"column":15},"end":{"line":6,"column":35}},"4":{"start":{"line":14,"column":0},"end":{"line":14,"column":66}},"5":{"start":{"line":15,"column":0},"end":{"line":15,"column":60}},"6":{"start":{"line":16,"column":0},"end":{"line":16,"column":71}},"7":{"start":{"line":17,"column":0},"end":{"line":17,"column":81}},"8":{"start":{"line":18,"column":0},"end":{"line":18,"column":82}},"9":{"start":{"line":20,"column":0},"end":{"line":20,"column":24}}},"fnMap":{},"branchMap":{},"s":{"0":1,"1":1,"2":1,"3":1,"4":1,"5":1,"6":1,"7":1,"8":1,"9":1},"f":{},"b":{},"_coverageSchema":"1a1c01bbd47fc00a2c39e90264f33305004495a9","hash":"97cf178ec146183324b79d0377b3fcb3a786f6eb"}
,"C:\\Users\\Steven\\Desktop\\Developpement\\FakegramAPI\\src\\routers\\photo.router.js": {"path":"C:\\Users\\Steven\\Desktop\\Developpement\\FakegramAPI\\src\\routers\\photo.router.js","statementMap":{"0":{"start":{"line":1,"column":16},"end":{"line":1,"column":34}},"1":{"start":{"line":3,"column":13},"end":{"line":3,"column":54}},"2":{"start":{"line":4,"column":15},"end":{"line":4,"column":54}},"3":{"start":{"line":5,"column":19},"end":{"line":5,"column":61}},"4":{"start":{"line":7,"column":16},"end":{"line":7,"column":50}},"5":{"start":{"line":9,"column":15},"end":{"line":9,"column":35}},"6":{"start":{"line":18,"column":0},"end":{"line":18,"column":72}},"7":{"start":{"line":19,"column":0},"end":{"line":19,"column":42}},"8":{"start":{"line":20,"column":0},"end":{"line":20,"column":51}},"9":{"start":{"line":21,"column":0},"end":{"line":21,"column":85}},"10":{"start":{"line":22,"column":0},"end":{"line":22,"column":62}},"11":{"start":{"line":24,"column":0},"end":{"line":24,"column":24}}},"fnMap":{},"branchMap":{},"s":{"0":1,"1":1,"2":1,"3":1,"4":1,"5":1,"6":1,"7":1,"8":1,"9":1,"10":1,"11":1},"f":{},"b":{},"_coverageSchema":"1a1c01bbd47fc00a2c39e90264f33305004495a9","hash":"2642865c93f8519a7a62545b7745e34a19e57808"}
,"C:\\Users\\Steven\\Desktop\\Developpement\\FakegramAPI\\src\\routers\\user.router.js": {"path":"C:\\Users\\Steven\\Desktop\\Developpement\\FakegramAPI\\src\\routers\\user.router.js","statementMap":{"0":{"start":{"line":1,"column":16},"end":{"line":1,"column":34}},"1":{"start":{"line":3,"column":13},"end":{"line":3,"column":54}},"2":{"start":{"line":4,"column":19},"end":{"line":4,"column":60}},"3":{"start":{"line":6,"column":15},"end":{"line":6,"column":35}},"4":{"start":{"line":13,"column":0},"end":{"line":13,"column":41}},"5":{"start":{"line":14,"column":0},"end":{"line":14,"column":57}},"6":{"start":{"line":15,"column":0},"end":{"line":15,"column":61}},"7":{"start":{"line":16,"column":0},"end":{"line":16,"column":62}},"8":{"start":{"line":18,"column":0},"end":{"line":18,"column":24}}},"fnMap":{},"branchMap":{},"s":{"0":1,"1":1,"2":1,"3":1,"4":1,"5":1,"6":1,"7":1,"8":1},"f":{},"b":{},"_coverageSchema":"1a1c01bbd47fc00a2c39e90264f33305004495a9","hash":"971f84cc12b324644571499d76794fb901b137a4"}
,"C:\\Users\\Steven\\Desktop\\Developpement\\FakegramAPI\\tests\\fixtures\\db.js": {"path":"C:\\Users\\Steven\\Desktop\\Developpement\\FakegramAPI\\tests\\fixtures\\db.js","statementMap":{"0":{"start":{"line":1,"column":17},"end":{"line":1,"column":36}},"1":{"start":{"line":2,"column":12},"end":{"line":2,"column":35}},"2":{"start":{"line":4,"column":13},"end":{"line":4,"column":51}},"3":{"start":{"line":5,"column":14},"end":{"line":5,"column":53}},"4":{"start":{"line":6,"column":16},"end":{"line":6,"column":57}},"5":{"start":{"line":8,"column":18},"end":{"line":8,"column":47}},"6":{"start":{"line":9,"column":16},"end":{"line":15,"column":1}},"7":{"start":{"line":17,"column":18},"end":{"line":17,"column":47}},"8":{"start":{"line":18,"column":16},"end":{"line":24,"column":1}},"9":{"start":{"line":26,"column":20},"end":{"line":26,"column":49}},"10":{"start":{"line":27,"column":18},"end":{"line":33,"column":1}},"11":{"start":{"line":35,"column":19},"end":{"line":35,"column":48}},"12":{"start":{"line":36,"column":17},"end":{"line":42,"column":1}},"13":{"start":{"line":44,"column":19},"end":{"line":44,"column":48}},"14":{"start":{"line":45,"column":17},"end":{"line":51,"column":1}},"15":{"start":{"line":54,"column":21},"end":{"line":54,"column":50}},"16":{"start":{"line":55,"column":19},"end":{"line":60,"column":1}},"17":{"start":{"line":62,"column":19},"end":{"line":66,"column":1}},"18":{"start":{"line":68,"column":19},"end":{"line":72,"column":1}},"19":{"start":{"line":74,"column":21},"end":{"line":78,"column":1}},"20":{"start":{"line":80,"column":16},"end":{"line":92,"column":1}},"21":{"start":{"line":81,"column":4},"end":{"line":81,"column":34}},"22":{"start":{"line":82,"column":4},"end":{"line":82,"column":34}},"23":{"start":{"line":83,"column":4},"end":{"line":83,"column":36}},"24":{"start":{"line":85,"column":4},"end":{"line":85,"column":36}},"25":{"start":{"line":86,"column":4},"end":{"line":86,"column":36}},"26":{"start":{"line":87,"column":4},"end":{"line":87,"column":38}},"27":{"start":{"line":89,"column":4},"end":{"line":89,"column":41}},"28":{"start":{"line":90,"column":4},"end":{"line":90,"column":41}},"29":{"start":{"line":91,"column":4},"end":{"line":91,"column":43}},"30":{"start":{"line":94,"column":16},"end":{"line":97,"column":1}},"31":{"start":{"line":95,"column":4},"end":{"line":95,"column":28}},"32":{"start":{"line":96,"column":4},"end":{"line":96,"column":29}},"33":{"start":{"line":99,"column":0},"end":{"line":117,"column":1}}},"fnMap":{"0":{"name":"(anonymous_0)","decl":{"start":{"line":80,"column":16},"end":{"line":80,"column":17}},"loc":{"start":{"line":80,"column":28},"end":{"line":92,"column":1}},"line":80},"1":{"name":"(anonymous_1)","decl":{"start":{"line":94,"column":16},"end":{"line":94,"column":17}},"loc":{"start":{"line":94,"column":28},"end":{"line":97,"column":1}},"line":94}},"branchMap":{},"s":{"0":1,"1":1,"2":1,"3":1,"4":1,"5":1,"6":1,"7":1,"8":1,"9":1,"10":1,"11":1,"12":1,"13":1,"14":1,"15":1,"16":1,"17":1,"18":1,"19":1,"20":1,"21":1,"22":1,"23":1,"24":1,"25":1,"26":1,"27":1,"28":1,"29":1,"30":1,"31":1,"32":1,"33":1},"f":{"0":1,"1":1},"b":{},"_coverageSchema":"1a1c01bbd47fc00a2c39e90264f33305004495a9","hash":"0310dcdfdaa171dbc916456496b77a452a0cc6a8"}
}
